[2026-02-25 15:01:33] ERROR: Failed file='VR_ML_025_Egbert_Hausmann_20231127_FRA_1_fertig.csv': run_analysis() got an unexpected keyword argument 'n_permutations'
[2026-02-25 15:01:33] INFO: [1/21] failed file='VR_ML_025_Egbert_Hausmann_20231127_FRA_1_fertig.csv' success=0 failed=1 elapsed=00:00:00 eta=00:00:00
[2026-02-25 15:01:33] ERROR: Failed file='VR_ML_025_Egbert_Hausmann_20231128_FRA_2_fertig.csv': run_analysis() got an unexpected keyword argument 'n_permutations'
[2026-02-25 15:01:33] INFO: [2/21] failed file='VR_ML_025_Egbert_Hausmann_20231128_FRA_2_fertig.csv' success=0 failed=2 elapsed=00:00:00 eta=00:00:00
[2026-02-25 15:01:33] ERROR: Failed file='VR_ML_025_Egbert_Hausmann_20231129_FRA_3_fertig.csv': run_analysis() got an unexpected keyword argument 'n_permutations'
[2026-02-25 15:01:33] INFO: [3/21] failed file='VR_ML_025_Egbert_Hausmann_20231129_FRA_3_fertig.csv' success=0 failed=3 elapsed=00:00:00 eta=00:00:00
[2026-02-25 15:01:33] ERROR: Failed file='VR_ML_025_Fritz_Raschke_20230911_FRA_1_fertig.csv': run_analysis() got an unexpected keyword argument 'n_permutations'
[2026-02-25 15:01:33] INFO: [4/21] failed file='VR_ML_025_Fritz_Raschke_20230911_FRA_1_fertig.csv' success=0 failed=4 elapsed=00:00:00 eta=00:00:00
[2026-02-25 15:01:33] ERROR: Failed file='VR_ML_025_Fritz_Raschke_20230912_FRA_2_fertig.csv': run_analysis() got an unexpected keyword argument 'n_permutations'
[2026-02-25 15:01:33] INFO: [5/21] failed file='VR_ML_025_Fritz_Raschke_20230912_FRA_2_fertig.csv' success=0 failed=5 elapsed=00:00:00 eta=00:00:00
[2026-02-25 15:01:33] ERROR: Failed file='VR_ML_025_Fritz_Raschke_20230913_FRA_3_fertig.csv': run_analysis() got an unexpected keyword argument 'n_permutations'
[2026-02-25 15:01:33] INFO: [6/21] failed file='VR_ML_025_Fritz_Raschke_20230913_FRA_3_fertig.csv' success=0 failed=6 elapsed=00:00:00 eta=00:00:00
[2026-02-25 15:01:33] ERROR: Failed file='VR_ML_025_Liane_Rieger_20240415_FRA_1_fertig.csv': run_analysis() got an unexpected keyword argument 'n_permutations'
[2026-02-25 15:01:33] INFO: [7/21] failed file='VR_ML_025_Liane_Rieger_20240415_FRA_1_fertig.csv' success=0 failed=7 elapsed=00:00:00 eta=00:00:00
[2026-02-25 15:01:33] ERROR: Failed file='VR_ML_025_Liane_Rieger_20240416_FRA_2_fertig.csv': run_analysis() got an unexpected keyword argument 'n_permutations'
[2026-02-25 15:01:33] INFO: [8/21] failed file='VR_ML_025_Liane_Rieger_20240416_FRA_2_fertig.csv' success=0 failed=8 elapsed=00:00:00 eta=00:00:00
[2026-02-25 15:01:33] ERROR: Failed file='VR_ML_025_Liane_Rieger_20240417_FRA_3_fertig.csv': run_analysis() got an unexpected keyword argument 'n_permutations'
[2026-02-25 15:01:33] INFO: [9/21] failed file='VR_ML_025_Liane_Rieger_20240417_FRA_3_fertig.csv' success=0 failed=9 elapsed=00:00:00 eta=00:00:00
[2026-02-25 15:01:33] ERROR: Failed file='VR_ML_026_Anja_Thomsen_20230911_FRA_1_fertig.csv': run_analysis() got an unexpected keyword argument 'n_permutations'
[2026-02-25 15:01:33] INFO: [10/21] failed file='VR_ML_026_Anja_Thomsen_20230911_FRA_1_fertig.csv' success=0 failed=10 elapsed=00:00:00 eta=00:00:00
[2026-02-25 15:01:33] ERROR: Failed file='VR_ML_026_Anja_Thomsen_20230912_FRA_2_fertig.csv': run_analysis() got an unexpected keyword argument 'n_permutations'
[2026-02-25 15:01:33] INFO: [11/21] failed file='VR_ML_026_Anja_Thomsen_20230912_FRA_2_fertig.csv' success=0 failed=11 elapsed=00:00:00 eta=00:00:00
[2026-02-25 15:01:33] ERROR: Failed file='VR_ML_026_Anja_Thomsen_20230913_FRA_3_fertig.csv': run_analysis() got an unexpected keyword argument 'n_permutations'
[2026-02-25 15:01:33] INFO: [12/21] failed file='VR_ML_026_Anja_Thomsen_20230913_FRA_3_fertig.csv' success=0 failed=12 elapsed=00:00:00 eta=00:00:00
[2026-02-25 15:01:33] ERROR: Failed file='VR_ML_026_Frank_Dittel_20231211_FRA_1_fertig.csv': run_analysis() got an unexpected keyword argument 'n_permutations'
[2026-02-25 15:01:33] INFO: [13/21] failed file='VR_ML_026_Frank_Dittel_20231211_FRA_1_fertig.csv' success=0 failed=13 elapsed=00:00:00 eta=00:00:00
[2026-02-25 15:01:33] ERROR: Failed file='VR_ML_026_Frank_Dittel_20231212_FRA_2_fertig.csv': run_analysis() got an unexpected keyword argument 'n_permutations'
[2026-02-25 15:01:33] INFO: [14/21] failed file='VR_ML_026_Frank_Dittel_20231212_FRA_2_fertig.csv' success=0 failed=14 elapsed=00:00:00 eta=00:00:00
[2026-02-25 15:01:33] ERROR: Failed file='VR_ML_026_Frank_Dittel_20231213_FRA_3_fertig.csv': run_analysis() got an unexpected keyword argument 'n_permutations'
[2026-02-25 15:01:33] INFO: [15/21] failed file='VR_ML_026_Frank_Dittel_20231213_FRA_3_fertig.csv' success=0 failed=15 elapsed=00:00:00 eta=00:00:00
[2026-02-25 15:01:33] ERROR: Failed file='VR_ML_026_Kathy_Thümmig_20240513_FRA_1_fertig.csv': run_analysis() got an unexpected keyword argument 'n_permutations'
[2026-02-25 15:01:33] INFO: [16/21] failed file='VR_ML_026_Kathy_Thümmig_20240513_FRA_1_fertig.csv' success=0 failed=16 elapsed=00:00:00 eta=00:00:00
[2026-02-25 15:01:33] ERROR: Failed file='VR_ML_026_Kathy_Thümmig_20240514_FRA_2_fertig.csv': run_analysis() got an unexpected keyword argument 'n_permutations'
[2026-02-25 15:01:33] INFO: [17/21] failed file='VR_ML_026_Kathy_Thümmig_20240514_FRA_2_fertig.csv' success=0 failed=17 elapsed=00:00:00 eta=00:00:00
[2026-02-25 15:01:33] ERROR: Failed file='VR_ML_026_Kathy_Thümmig_20240515_FRA_3_fertig.csv': run_analysis() got an unexpected keyword argument 'n_permutations'
[2026-02-25 15:01:33] INFO: [18/21] failed file='VR_ML_026_Kathy_Thümmig_20240515_FRA_3_fertig.csv' success=0 failed=18 elapsed=00:00:00 eta=00:00:00
[2026-02-25 15:01:33] ERROR: Failed file='VR_ML_027_Liska_Seidel_20231211_FRA_1_fertig.csv': run_analysis() got an unexpected keyword argument 'n_permutations'
[2026-02-25 15:01:33] INFO: [19/21] failed file='VR_ML_027_Liska_Seidel_20231211_FRA_1_fertig.csv' success=0 failed=19 elapsed=00:00:00 eta=00:00:00
[2026-02-25 15:01:33] ERROR: Failed file='VR_ML_027_Liska_Seidel_20231212_FRA_2_fertig.csv': run_analysis() got an unexpected keyword argument 'n_permutations'
[2026-02-25 15:01:33] INFO: [20/21] failed file='VR_ML_027_Liska_Seidel_20231212_FRA_2_fertig.csv' success=0 failed=20 elapsed=00:00:00 eta=00:00:00
[2026-02-25 15:01:33] ERROR: Failed file='VR_ML_027_Liska_Seidel_20231213_FRA_3_fertig.csv': run_analysis() got an unexpected keyword argument 'n_permutations'
[2026-02-25 15:01:33] INFO: [21/21] failed file='VR_ML_027_Liska_Seidel_20231213_FRA_3_fertig.csv' success=0 failed=21 elapsed=00:00:00 eta=00:00:00
[2026-02-25 15:01:33] ERROR: Failed to run method 'community_network': name 'log' is not defined
[2026-02-25 15:01:33] ERROR: Traceback (most recent call last):
  File "/home/ck/Code/analyse_SRT/src/chunking/run.py", line 480, in run_benchmark
    result = run_batch(
             ^^^^^^^^^^
  File "/home/ck/Code/analyse_SRT/src/chunking/run.py", line 366, in run_batch
    log(
    ^^^
NameError: name 'log' is not defined

[2026-02-25 15:01:33] INFO: Running method: hcrp_lm
